SQL: SELECT TOP 5 TCCarrierCode, COUNT(*) AS total_discrepancies
FROM DisputeManagement
WHERE YEAR(CreationDate) = 2025 AND MONTH(CreationDate) = 10
GROUP BY TCCarrierCode
ORDER BY total_discrepancies DESC;
SQL: SELECT TOP 5 CarrierCode, COUNT(*) AS total_discrepancies
FROM DisputeManagement
WHERE YEAR(CreationDate) = 2025 AND MONTH(CreationDate) = 10
GROUP BY CarrierCode
ORDER BY total_discrepancies DESC;
SQL: SELECT COUNT(*) AS total_shipments FROM Shipment WHERE TCCarrierCode = 'Purolator';
SQL: SELECT COUNT(*) AS shipments_count FROM Shipment WHERE YEAR(ShipmentDate) = 2025 AND MONTH(ShipmentDate) = 11;
SQL: SELECT TOP 5 CarrierCode, COUNT(*) AS Discrepancies FROM DisputeManagement WHERE YEAR(CreationDate) = 2025 AND MONTH(CreationDate) = 11 GROUP BY CarrierCode ORDER BY Discrepancies DESC
SQL: SELECT TOP 5 CarrierCode, COUNT(*) AS total_discrepancies FROM DisputeManagement WHERE YEAR(CreationDate) = 2025 AND MONTH(CreationDate) = 10 GROUP BY CarrierCode ORDER BY total_discrepancies DESC;
SQL: SELECT COUNT(*) AS open_disputes FROM DisputeManagement WHERE DisputeStatus = 'Open'
SQL: SELECT TOP 10 DisputeID, DisputeAmount FROM DisputeManagement WHERE DisputeStatus = 'Open' ORDER BY DisputeAmount DESC;
SQL: SELECT COUNT(DISTINCT CarrierAccount) AS total_carrier_accounts FROM DisputeManagement;
SQL: SELECT * FROM DisputeManagement WHERE DisputeID = 91062
SQL: SELECT COUNT(*) AS total_disputes FROM DisputeManagement WHERE CarrierCode = (SELECT CarrierCode FROM DisputeManagement WHERE DisputeID = 91062)
SQL: SELECT TOP 5 TCCarrierCode, COUNT(*) AS shipment_count FROM Shipment GROUP BY TCCarrierCode ORDER BY shipment_count DESC;
SQL: SELECT ShipperCountry, COUNT(*) AS TotalDisputes FROM DisputeManagement GROUP BY ShipperCountry ORDER BY TotalDisputes DESC;
SQL: SELECT OriginCountry, COUNT(*) AS TotalDisputes FROM DisputeManagement GROUP BY OriginCountry ORDER BY TotalDisputes DESC;
SQL: SELECT DestCountry AS Country, COUNT(*) AS TotalDisputes FROM DisputeManagement GROUP BY DestCountry ORDER BY TotalDisputes DESC;
SQL: SELECT CarrierCode AS Country, COUNT(*) AS TotalDisputes FROM DisputeManagement GROUP BY CarrierCode ORDER BY TotalDisputes DESC;
SQL: SELECT TOP 5 CarrierCode, COUNT(*) AS dispute_count FROM DisputeManagement GROUP BY CarrierCode ORDER BY dispute_count DESC;
SQL: SELECT TOP 5 DestCountry AS Country, COUNT(*) AS Total_Disputes FROM DisputeManagement GROUP BY DestCountry ORDER BY Total_Disputes DESC;
SQL: SELECT TOP 5 CarrierCode, COUNT(*) AS TotalDisputes FROM DisputeManagement GROUP BY CarrierCode ORDER BY TotalDisputes DESC;
SQL: SELECT TOP 5 TCCarrierCode, SUM(TotalShipmentCharges) AS total_charges
FROM Shipment
WHERE ActualDeliveryDateTime IS NOT NULL
GROUP BY TCCarrierCode
ORDER BY total_charges DESC
;
SQL: SELECT TCCarrierCode, SUM(TotalShipmentCharges) AS TotalCharges FROM Shipment WHERE ActualDeliveryDateTime IS NOT NULL GROUP BY TCCarrierCode ORDER BY TotalCharges DESC
SQL: SELECT CarrierCode, COUNT(*) AS TotalDisputes FROM DisputeManagement GROUP BY CarrierCode;
SQL: SELECT CarrierCode AS Carrier, COUNT(*) AS DisputeCount FROM DisputeManagement GROUP BY CarrierCode
SQL: SELECT
    ShipmentID,
    TrackingNumber,
    ShipmentDate,
    EstDeliveryDateTime,
    ActualDeliveryDateTime,
    ShipmentUpdate,
    TCCarrierCode
FROM
    Shipment
WHERE
    ShipmentID = '123' OR TrackingNumber = '123'
SQL: SELECT
    ShipmentID,
    TrackingNumber,
    ShipmentDate,
    EstDeliveryDateTime,
    ActualDeliveryDateTime,
    ShipmentUpdate,
    TCCarrierCode
FROM
    Shipment
WHERE
    ShipmentID = '123' OR TrackingNumber = '123'
SQL: SELECT TOP 1
    TrackingNumber,
    ShipmentID,
    ShipmentDate,
    EstDeliveryDateTime,
    ActualDeliveryDateTime,
    ShipmentUpdate
FROM
    Shipment
WHERE
    TrackingNumber = '123' OR ShipmentID = '123'
SQL: SELECT
    TrackingNumber,
    ShipmentID,
    ShipmentDate,
    EstDeliveryDateTime,
    ActualDeliveryDateTime,
    ShipmentUpdate
FROM
    Shipment
WHERE
    TrackingNumber = '123' OR ShipmentID = '123'
SQL: SELECT
    TCCarrierCode,
    ShipmentDate,
    EstDeliveryDateTime,
    ActualDeliveryDateTime,
    ShipmentUpdate
FROM
    Shipment
WHERE
    TrackingNumber = '123' OR ShipmentID = '123'
SQL: SELECT
    ShipmentID,
    TrackingNumber,
    ShipmentUpdate,
    ShipmentDate,
    EstDeliveryDateTime,
    ActualDeliveryDateTime,
    TCCarrierCode
FROM
    Shipment
WHERE
    ShipmentID = '123' OR TrackingNumber = '123'
SQL: SELECT
    ShipmentID,
    TrackingNumber,
    TCCarrierCode,
    ShipmentDate,
    EstDeliveryDateTime,
    ActualDeliveryDateTime
FROM
    Shipment
WHERE
    ShipmentID = '123' OR TrackingNumber = '123'
SQL: SELECT TOP 1
    ShipmentID,
    TrackingNumber,
    ShipmentUpdate,
    ShipmentDate,
    EstDeliveryDateTime,
    ActualDeliveryDateTime
FROM
    Shipment
WHERE
    ShipmentID = '123' OR TrackingNumber = '123';
SQL: SELECT TOP 1
    ShipmentID,
    TrackingNumber,
    ShipmentUpdate,
    ShipmentDate,
    EstDeliveryDateTime,
    ActualDeliveryDateTime
FROM
    Shipment
WHERE
    ShipmentID = '123' OR TrackingNumber = '123'
SQL: SELECT
    ShipmentID,
    TrackingNumber,
    ShipmentDate,
    EstDeliveryDateTime,
    ActualDeliveryDateTime,
    ShipmentUpdate
FROM
    Shipment
WHERE
    ShipmentID = '123' OR TrackingNumber = '123'
SQL: SELECT ShipmentUpdate FROM Shipment WHERE ShipmentID = '123'
SQL: SELECT
    ShipmentID,
    TrackingNumber,
    ShipmentDate,
    ActualDeliveryDateTime,
    ShipmentUpdate,
    TCCarrierCode
FROM
    Shipment
WHERE
    ShipmentID = '123' OR TrackingNumber = '123';
SQL: SELECT
    ShipmentID,
    TrackingNumber,
    ShipmentDate,
    EstDeliveryDateTime,
    ActualDeliveryDateTime,
    ShipmentUpdate,
    TCCarrierCode
FROM
    Shipment
WHERE
    ShipmentID = '123' OR TrackingNumber = '123'
SQL: SELECT ShipmentUpdate FROM Shipment WHERE ShipmentID = '123'
SQL: SELECT TOP 1 ShipmentID, TrackingNumber, ShipmentUpdate, ShipmentDate, EstDeliveryDateTime, ActualDeliveryDateTime, TCCarrierCode FROM Shipment WHERE ShipmentID = '123' OR TrackingNumber = '123'
SQL: SELECT TOP 1
    ShipmentID,
    TrackingNumber,
    ShipmentUpdate,
    ShipmentDate,
    EstDeliveryDateTime,
    ActualDeliveryDateTime,
    TCCarrierCode
FROM
    Shipment
WHERE
    ShipmentID = '123' OR TrackingNumber = '123';
SQL: SELECT TOP 5 CarrierCode, COUNT(*) AS dispute_count FROM DisputeManagement GROUP BY CarrierCode ORDER BY dispute_count DESC
SQL: 
SELECT TOP 5 ShipmentInternalID, TCCarrierCode, TotalWeight
FROM Shipment
ORDER BY TotalWeight DESC;

SQL: SELECT TOP 5 CarrierCode, COUNT(*) AS dispute_count FROM DisputeManagement GROUP BY CarrierCode ORDER BY dispute_count DESC
SQL: 
SELECT TOP 5 TCCarrierCode, COUNT(*) AS shipment_count
FROM Shipment
WHERE YEAR(ShipmentDate)=2025
GROUP BY TCCarrierCode
ORDER BY shipment_count DESC;

SQL: SELECT TCCarrierCode, 100.0 * SUM(CASE WHEN DATEDIFF(day, ShipmentDate, ActualDeliveryDateTime) > 3 THEN 1 ELSE 0 END) / COUNT(*) AS late_delivery_rate_pct FROM Shipment WHERE YEAR(ShipmentDate) = 2025 AND MONTH(ShipmentDate) = 11 AND ActualDeliveryDateTime IS NOT NULL GROUP BY TCCarrierCode ORDER BY late_delivery_rate_pct DESC;
SQL: SELECT COUNT(*) FROM Shipment WHERE YEAR(ShipmentDate) = 2025 AND MONTH(ShipmentDate) = 11 AND DATEDIFF(day, ShipmentDate, ActualDeliveryDateTime) > 3 AND ActualDeliveryDateTime IS NOT NULL
SQL: SELECT COUNT(*) FROM Shipment WHERE YEAR(ShipmentDate) = 2025 AND MONTH(ShipmentDate) = 11 AND ActualDeliveryDateTime IS NOT NULL
SQL: SELECT TCCarrierCode, 100.0*SUM(CASE WHEN DATEDIFF(day, ShipmentDate, ActualDeliveryDateTime)>3 THEN 1 ELSE 0 END)/COUNT(*) AS late_delivery_rate FROM Shipment WHERE YEAR(ShipmentDate)=2025 AND MONTH(ShipmentDate)=11 AND ActualDeliveryDateTime IS NOT NULL GROUP BY TCCarrierCode ORDER BY late_delivery_rate DESC;
SQL: SELECT TOP 5 ShipmentID, TotalPackages, TCCarrierCode FROM Shipment ORDER BY TotalPackages DESC;
SQL: SELECT TOP 5 ShipmentID, TotalPackages FROM Shipment ORDER BY TotalPackages DESC
SQL: SELECT TOP 5 ShipmentID, TotalPackages FROM Shipment WHERE YEAR(ShipmentDate) = 2025 AND MONTH(ShipmentDate) = 11 ORDER BY TotalPackages DESC
SQL: SELECT TOP 5 TCCarrierCode, COUNT(*) AS shipment_count FROM Shipment WHERE YEAR(ShipmentDate)=2025 AND MONTH(ShipmentDate)=11 GROUP BY TCCarrierCode ORDER BY shipment_count DESC
SQL: SELECT TOP 4 TCCarrierCode, COUNT(*) AS shipment_count FROM Shipment WHERE YEAR(ShipmentDate) = 2025 AND MONTH(ShipmentDate) = 11 GROUP BY TCCarrierCode ORDER BY shipment_count DESC
SQL: 
SELECT TOP 5 CarrierCode, COUNT(*) AS dispute_count
FROM DisputeManagement
GROUP BY CarrierCode
ORDER BY dispute_count DESC;

SQL: SELECT TOP 5 CarrierCode, COUNT(*) AS dispute_count FROM DisputeManagement GROUP BY CarrierCode ORDER BY dispute_count DESC
SQL: SELECT TOP 4 TCCarrierCode, COUNT(*) AS shipment_count FROM Shipment WHERE YEAR(ShipmentDate) = 2025 AND MONTH(ShipmentDate) = 11 GROUP BY TCCarrierCode ORDER BY shipment_count DESC
SQL: SELECT TOP 5 CarrierCode, COUNT(DisputeID) AS NumberOfDiscrepancies FROM DisputeManagement GROUP BY CarrierCode ORDER BY NumberOfDiscrepancies DESC
SQL: 
SELECT TOP 5 CarrierCode, COUNT(*) AS NumberOfDiscrepancies
FROM DisputeManagement
GROUP BY CarrierCode
ORDER BY NumberOfDiscrepancies DESC;

SQL: SELECT TOP 5 TCCarrierCode, COUNT(*) AS shipment_count FROM Shipment WHERE YEAR(ShipmentDate)=2025 AND MONTH(ShipmentDate)=11 GROUP BY TCCarrierCode ORDER BY shipment_count DESC
SQL: 
SELECT TOP 5 TCCarrierCode, COUNT(*) AS shipment_count
FROM Shipment
WHERE YEAR(ShipmentDate)=2025 AND MONTH(ShipmentDate)=11
GROUP BY TCCarrierCode
ORDER BY shipment_count DESC;

SQL: SELECT TOP 5 TCCarrierCode, COUNT(*) AS shipment_count FROM Shipment WHERE YEAR(ShipmentDate) = 2025 AND MONTH(ShipmentDate) = 12 GROUP BY TCCarrierCode ORDER BY shipment_count DESC
SQL: SELECT TOP 5 TCCarrierCode, COUNT(*) AS shipment_count FROM Shipment WHERE YEAR(ShipmentDate)=2025 AND MONTH(ShipmentDate)=11 GROUP BY TCCarrierCode ORDER BY shipment_count DESC
SQL: SELECT TOP 5 TCCarrierCode, COUNT(*) AS shipment_count FROM Shipment WHERE YEAR(ShipmentDate) = 2025 GROUP BY TCCarrierCode ORDER BY shipment_count DESC
SQL: 
SELECT TOP 5 CarrierCode, COUNT(*) AS DisputeCount
FROM DisputeManagement
WHERE YEAR(CreationDate) = 2024
GROUP BY CarrierCode
ORDER BY DisputeCount DESC;

SQL: SELECT TOP 5 TCCarrierCode, COUNT(*) AS shipment_count FROM Shipment WHERE YEAR(ShipmentDate)=2025 AND MONTH(ShipmentDate)=11 GROUP BY TCCarrierCode ORDER BY shipment_count DESC
SQL: SELECT TOP 5 CarrierCode, COUNT(*) AS DisputeCount FROM DisputeManagement WHERE YEAR(CreationDate) = 2024 GROUP BY CarrierCode ORDER BY DisputeCount DESC;
SQL: SELECT TOP 5 TCCarrierCode, COUNT(*) AS shipment_count FROM Shipment WHERE YEAR(ShipmentDate) = 2024 GROUP BY TCCarrierCode ORDER BY shipment_count DESC
SQL: SELECT TOP 5 TCCarrierCode, COUNT(*) AS shipment_count FROM Shipment WHERE YEAR(ShipmentDate)=2025 AND MONTH(ShipmentDate)=11 GROUP BY TCCarrierCode ORDER BY shipment_count DESC
SQL: SELECT TOP 5 s.RecipientCountry, COUNT(d.DisputeID) AS dispute_count
FROM DisputeManagement d
JOIN Shipment s ON d.TrackingNumber = s.TrackingNumber
GROUP BY s.RecipientCountry
ORDER BY dispute_count DESC;
SQL: SELECT TOP 5 s.RecipientCountry AS Region, COUNT(d.DisputeID) AS DisputeCount, SUM(d.DisputeAmount) AS TotalDisputeAmount
FROM DisputeManagement d
JOIN Shipment s ON d.TrackingNumber = s.TrackingNumber
GROUP BY s.RecipientCountry
ORDER BY DisputeCount DESC;
SQL: SELECT TOP 5 Country, COUNT(*) AS DisputeCount FROM (SELECT S.ShipperCountry AS Country FROM DisputeManagement DM JOIN Shipment S ON DM.TrackingNumber = S.TrackingNumber UNION ALL SELECT S.RecipientCountry AS Country FROM DisputeManagement DM JOIN Shipment S ON DM.TrackingNumber = S.TrackingNumber) AS CountriesInDisputes GROUP BY Country ORDER BY DisputeCount DESC;
SQL: SELECT TOP 5 s.RecipientCountry, COUNT(d.DisputeID) AS dispute_count
FROM DisputeManagement d
JOIN Shipment s ON d.TrackingNumber = s.TrackingNumber
GROUP BY s.RecipientCountry
ORDER BY dispute_count DESC;
SQL: SELECT TOP 5 ShipmentID, COUNT(DisputeID) AS DisputeCount FROM DisputeManagement GROUP BY ShipmentID ORDER BY DisputeCount DESC;
SQL: SELECT TOP 1 EmailId FROM UserProfile WHERE OID = (SELECT CreatedBy FROM DisputeManagement ORDER BY CreationDate DESC )
SQL: SELECT TOP 1 EmailId FROM UserProfile WHERE Status = 'Active'
SQL: SELECT TOP 5 CarrierCode, COUNT(DisputeID) AS DisputeCount FROM DisputeManagement GROUP BY CarrierCode ORDER BY DisputeCount DESC
SQL: SELECT TOP 5 ShipmentID, COUNT(*) AS dispute_count
FROM DisputeManagement
GROUP BY ShipmentID
ORDER BY dispute_count DESC;
SQL: SELECT TOP 5 CarrierCode, COUNT(DisputeID) AS DisputeCount FROM DisputeManagement GROUP BY CarrierCode ORDER BY DisputeCount DESC
SQL: SELECT TOP 5 CarrierCode, COUNT(*) AS DisputeCount FROM DisputeManagement GROUP BY CarrierCode ORDER BY DisputeCount DESC
SQL: SELECT UserName FROM UserProfile WHERE EmailId = 'kangadi@tcube360.com'
SQL: SELECT UserName FROM UserProfile WHERE EmailId = 'kangadi@tcube360.com'
SQL: SELECT TOP 5 TCCarrierCode, COUNT(*) AS shipment_count FROM Shipment WHERE YEAR(ShipmentDate)=2025 GROUP BY TCCarrierCode ORDER BY shipment_count DESC
SQL: SELECT TOP 5 TCCarrierCode, COUNT(*) AS shipment_count FROM Shipment WHERE YEAR(ShipmentDate)=2025 GROUP BY TCCarrierCode ORDER BY shipment_count DESC
SQL: SELECT TOP 5 TCCarrierCode, COUNT(*) AS shipment_count FROM Shipment WHERE YEAR(ShipmentDate)=2025 GROUP BY TCCarrierCode ORDER BY shipment_count DESC
SQL: SELECT TOP 5 TCCarrierCode, COUNT(*) AS shipment_count
FROM Shipment
WHERE YEAR(ShipmentDate) = 2025
GROUP BY TCCarrierCode
ORDER BY shipment_count DESC;
SQL: SELECT UserName FROM UserProfile WHERE EmailId = 'kangadi@tcube360.com'
SQL: SELECT TOP 5 TCCarrierCode, COUNT(*) AS shipment_count
FROM Shipment
WHERE YEAR(ShipmentDate) = 2025
GROUP BY TCCarrierCode
ORDER BY shipment_count DESC;
SQL: SELECT TOP 5 TCCarrierCode, COUNT(*) AS shipment_count
FROM Shipment
WHERE YEAR(ShipmentDate)=2025
GROUP BY TCCarrierCode
ORDER BY shipment_count DESC;
SQL: SELECT TOP 5 TCCarrierCode, COUNT(*) AS shipment_count FROM Shipment WHERE YEAR(ShipmentDate)=2025 AND MONTH(ShipmentDate)=11 GROUP BY TCCarrierCode ORDER BY shipment_count DESC
SQL: SELECT TCCarrierCode, COUNT(*) AS shipment_count FROM Shipment WHERE YEAR(ShipmentDate) = 2025 AND MONTH(ShipmentDate) = 11 GROUP BY TCCarrierCode ORDER BY shipment_count DESC
SQL: SELECT TOP 5 TCCarrierCode, COUNT(*) AS shipment_count FROM Shipment WHERE YEAR(ShipmentDate)=2025 AND MONTH(ShipmentDate)=11 GROUP BY TCCarrierCode ORDER BY shipment_count DESC
SQL: SELECT TOP 5 TCCarrierCode, COUNT(*) AS shipment_count FROM Shipment WHERE YEAR(ShipmentDate)=2025 AND MONTH(ShipmentDate)=11 GROUP BY TCCarrierCode ORDER BY shipment_count DESC
SQL: SELECT TOP 5 CarrierCode, COUNT(*) AS dispute_count FROM DisputeManagement GROUP BY CarrierCode ORDER BY dispute_count DESC
SQL: SELECT TOP 5 TCCarrierCode AS Carrier, COUNT(*) AS Shipments FROM Shipment WHERE YEAR(ShipmentDate) = 2025 AND MONTH(ShipmentDate) = 11 GROUP BY TCCarrierCode ORDER BY Shipments DESC
SQL: SELECT TOP 5 CarrierCode, COUNT(*) AS dispute_count FROM DisputeManagement GROUP BY CarrierCode ORDER BY dispute_count DESC
SQL: SELECT TOP 5 CarrierCode, COUNT(DisputeID) AS dispute_count
FROM DisputeManagement
GROUP BY CarrierCode
ORDER BY dispute_count DESC;
SQL: SELECT TOP 5 CarrierCode AS Carrier, COUNT(*) AS DisputeCount
FROM DisputeManagement
GROUP BY CarrierCode
ORDER BY DisputeCount DESC;
SQL: SELECT TOP 5 TCCarrierCode, COUNT(*) AS shipment_count FROM Shipment WHERE YEAR(ShipmentDate)=2025 AND MONTH(ShipmentDate)=11 GROUP BY TCCarrierCode ORDER BY shipment_count DESC
SQL: SELECT TOP 5 TCCarrierCode, COUNT(*) AS shipment_count
FROM Shipment
WHERE YEAR(ShipmentDate) = 2025
GROUP BY TCCarrierCode
ORDER BY shipment_count DESC;
SQL: SELECT TOP 5 TCCarrierCode, COUNT(*) AS shipment_count FROM Shipment WHERE YEAR(ShipmentDate) = 2025 GROUP BY TCCarrierCode ORDER BY shipment_count DESC;
SQL: SELECT TOP 5 TCCarrierCode, COUNT(*) AS shipment_count
FROM Shipment
WHERE YEAR(ShipmentDate) = 2025
GROUP BY TCCarrierCode
ORDER BY shipment_count DESC;
SQL: SELECT TOP 5 TCCarrierCode, COUNT(*) AS shipment_count FROM Shipment WHERE YEAR(ShipmentDate) = 2025 GROUP BY TCCarrierCode ORDER BY shipment_count DESC;
SQL: SELECT TOP 5 TCCarrierCode, COUNT(*) AS shipment_count
FROM Shipment
WHERE YEAR(ShipmentDate) = 2025
GROUP BY TCCarrierCode
ORDER BY shipment_count DESC;
SQL: SELECT TOP 5 TCCarrierCode, COUNT(*) AS shipment_count
FROM Shipment
WHERE YEAR(ShipmentDate) = 2025
GROUP BY TCCarrierCode
ORDER BY shipment_count DESC;
SQL: SELECT TOP 5 CarrierCode, COUNT(*) AS DisputeCount FROM DisputeManagement GROUP BY CarrierCode ORDER BY DisputeCount DESC
SQL: SELECT TOP 5 CarrierCode, COUNT(*) AS DisputeCount FROM DisputeManagement GROUP BY CarrierCode ORDER BY DisputeCount DESC
SQL: SELECT TOP 5 TCCarrierCode AS Carrier, COUNT(*) AS Shipments FROM Shipment WHERE YEAR(ShipmentDate) = 2025 AND MONTH(ShipmentDate) = 11 GROUP BY TCCarrierCode ORDER BY Shipments DESC
SQL: SELECT TOP 5 TCCarrierCode, COUNT(*) AS shipment_count FROM Shipment WHERE YEAR(ShipmentDate)=2025 AND MONTH(ShipmentDate)=11 GROUP BY TCCarrierCode ORDER BY shipment_count DESC
SQL: SELECT TOP 5 TCCarrierCode, COUNT(*) AS shipment_count FROM Shipment WHERE YEAR(ShipmentDate)=2025 AND MONTH(ShipmentDate)=11 GROUP BY TCCarrierCode ORDER BY shipment_count DESC
SQL: SELECT TOP 5 TCCarrierCode, COUNT(*) AS shipment_count FROM Shipment WHERE YEAR(ShipmentDate)=2025 AND MONTH(ShipmentDate)=11 GROUP BY TCCarrierCode ORDER BY shipment_count DESC
SQL: SELECT TOP 5 CarrierCode, COUNT(*) AS DisputeCount FROM DisputeManagement GROUP BY CarrierCode ORDER BY DisputeCount DESC
SQL: SELECT TOP 5 CarrierCode AS Carrier, COUNT(*) AS DisputeCount FROM DisputeManagement GROUP BY CarrierCode ORDER BY DisputeCount DESC
SQL: SELECT TOP 5 TCCarrierCode AS Carrier, COUNT(*) AS Shipments FROM Shipment WHERE YEAR(ShipmentDate) = 2025 AND MONTH(ShipmentDate) = 11 GROUP BY TCCarrierCode ORDER BY Shipments DESC
SQL: SELECT TOP 5 TCCarrierCode, COUNT(*) AS shipment_count FROM Shipment WHERE YEAR(ShipmentDate)=2025 AND MONTH(ShipmentDate)=11 GROUP BY TCCarrierCode ORDER BY shipment_count DESC
SQL: SELECT TCCarrierCode, COUNT(*) AS shipment_count FROM Shipment WHERE YEAR(ShipmentDate)=2025 AND MONTH(ShipmentDate)=11 GROUP BY TCCarrierCode ORDER BY shipment_count DESC
